<?xml version="1.0" encoding="UTF-8"?>
<testng-results ignored="0" total="1" passed="1" failed="0" skipped="0">
  <reporter-output>
  </reporter-output>
  <suite started-at="2024-10-28T23:39:30 GMT-04:00" name="Default suite" finished-at="2024-10-28T23:39:43 GMT-04:00" duration-ms="13281">
    <groups>
    </groups>
    <test started-at="2024-10-28T23:39:30 GMT-04:00" name="Default test" finished-at="2024-10-28T23:39:43 GMT-04:00" duration-ms="13281">
      <class name="com.tests.TC_01">
        <test-method is-config="true" signature="beforetest()[pri:0, instance:com.tests.TC_01@7dc19a70]" started-at="2024-10-28T23:39:30 GMT-04:00" name="beforetest" finished-at="2024-10-28T23:39:39 GMT-04:00" duration-ms="8470" status="PASS">
          <reporter-output>
          </reporter-output>
        </test-method> <!-- beforetest -->
        <test-method signature="sheet1(java.lang.String,java.lang.String)[pri:0, instance:com.tests.TC_01@7dc19a70]" started-at="2024-10-28T23:39:40 GMT-04:00" name="sheet1" data-provider="bvtdata" finished-at="2024-10-28T23:39:43 GMT-04:00" duration-ms="3330" status="PASS">
          <params>
            <param index="0">
              <value>
                <![CDATA[admin@email.com]]>
              </value>
            </param>
            <param index="1">
              <value>
                <![CDATA[admin@123]]>
              </value>
            </param>
          </params>
          <reporter-output>
          </reporter-output>
        </test-method> <!-- sheet1 -->
        <test-method is-config="true" signature="afterTest()[pri:0, instance:com.tests.TC_01@7dc19a70]" started-at="2024-10-28T23:39:43 GMT-04:00" name="afterTest" finished-at="2024-10-28T23:39:43 GMT-04:00" duration-ms="252" status="PASS">
          <reporter-output>
          </reporter-output>
        </test-method> <!-- afterTest -->
      </class> <!-- com.tests.TC_01 -->
    </test> <!-- Default test -->
  </suite> <!-- Default suite -->
</testng-results>
